Determining if the pthread_create exist failed with the following output:
Change Dir: /home/debian/controls_on_beagle_bone/support_ws/build/CMakeFiles/CMakeTmp

Run Build Command:/usr/bin/make "cmTryCompileExec1878292243/fast"
/usr/bin/make -f CMakeFiles/cmTryCompileExec1878292243.dir/build.make CMakeFiles/cmTryCompileExec1878292243.dir/build
make[1]: Entering directory `/home/debian/controls_on_beagle_bone/support_ws/build/CMakeFiles/CMakeTmp'
/usr/bin/cmake -E cmake_progress_report /home/debian/controls_on_beagle_bone/support_ws/build/CMakeFiles/CMakeTmp/CMakeFiles 1
Building C object CMakeFiles/cmTryCompileExec1878292243.dir/CheckSymbolExists.c.o
/usr/bin/gcc    -o CMakeFiles/cmTryCompileExec1878292243.dir/CheckSymbolExists.c.o   -c /home/debian/controls_on_beagle_bone/support_ws/build/CMakeFiles/CMakeTmp/CheckSymbolExists.c
Linking C executable cmTryCompileExec1878292243
/usr/bin/cmake -E cmake_link_script CMakeFiles/cmTryCompileExec1878292243.dir/link.txt --verbose=1
/usr/bin/gcc         CMakeFiles/cmTryCompileExec1878292243.dir/CheckSymbolExists.c.o  -o cmTryCompileExec1878292243 -rdynamic 
CMakeFiles/cmTryCompileExec1878292243.dir/CheckSymbolExists.c.o: In function `main':
CheckSymbolExists.c:(.text+0x10): undefined reference to `pthread_create'
CheckSymbolExists.c:(.text+0x14): undefined reference to `pthread_create'
collect2: ld returned 1 exit status
make[1]: Leaving directory `/home/debian/controls_on_beagle_bone/support_ws/build/CMakeFiles/CMakeTmp'
make[1]: *** [cmTryCompileExec1878292243] Error 1
make: *** [cmTryCompileExec1878292243/fast] Error 2

File /home/debian/controls_on_beagle_bone/support_ws/build/CMakeFiles/CMakeTmp/CheckSymbolExists.c:
/* */
#include <pthread.h>

int main(int argc, char** argv)
{
  (void)argv;
#ifndef pthread_create
  return ((int*)(&pthread_create))[argc];
#else
  (void)argc;
  return 0;
#endif
}

Determining if the function pthread_create exists in the pthreads failed with the following output:
Change Dir: /home/debian/controls_on_beagle_bone/support_ws/build/CMakeFiles/CMakeTmp

Run Build Command:/usr/bin/make "cmTryCompileExec3628946777/fast"
/usr/bin/make -f CMakeFiles/cmTryCompileExec3628946777.dir/build.make CMakeFiles/cmTryCompileExec3628946777.dir/build
make[1]: Entering directory `/home/debian/controls_on_beagle_bone/support_ws/build/CMakeFiles/CMakeTmp'
/usr/bin/cmake -E cmake_progress_report /home/debian/controls_on_beagle_bone/support_ws/build/CMakeFiles/CMakeTmp/CMakeFiles 1
Building C object CMakeFiles/cmTryCompileExec3628946777.dir/CheckFunctionExists.c.o
/usr/bin/gcc   -DCHECK_FUNCTION_EXISTS=pthread_create   -o CMakeFiles/cmTryCompileExec3628946777.dir/CheckFunctionExists.c.o   -c /usr/share/cmake-2.8/Modules/CheckFunctionExists.c
Linking C executable cmTryCompileExec3628946777
/usr/bin/cmake -E cmake_link_script CMakeFiles/cmTryCompileExec3628946777.dir/link.txt --verbose=1
/usr/bin/gcc     -DCHECK_FUNCTION_EXISTS=pthread_create    CMakeFiles/cmTryCompileExec3628946777.dir/CheckFunctionExists.c.o  -o cmTryCompileExec3628946777 -rdynamic -lpthreads 
/usr/bin/ld: cannot find -lpthreads
collect2: ld returned 1 exit status
make[1]: Leaving directory `/home/debian/controls_on_beagle_bone/support_ws/build/CMakeFiles/CMakeTmp'
make[1]: *** [cmTryCompileExec3628946777] Error 1
make: *** [cmTryCompileExec3628946777/fast] Error 2


