Determining if the pthread_create exist failed with the following output:
Change Dir: /home/debian/controls_on_beagle_bone/main_controls/build/CMakeFiles/CMakeTmp

Run Build Command:/usr/bin/make "cmTryCompileExec1479498655/fast"
/usr/bin/make -f CMakeFiles/cmTryCompileExec1479498655.dir/build.make CMakeFiles/cmTryCompileExec1479498655.dir/build
make[1]: Entering directory `/home/debian/controls_on_beagle_bone/main_controls/build/CMakeFiles/CMakeTmp'
/usr/bin/cmake -E cmake_progress_report /home/debian/controls_on_beagle_bone/main_controls/build/CMakeFiles/CMakeTmp/CMakeFiles 1
Building C object CMakeFiles/cmTryCompileExec1479498655.dir/CheckSymbolExists.c.o
/usr/bin/gcc    -o CMakeFiles/cmTryCompileExec1479498655.dir/CheckSymbolExists.c.o   -c /home/debian/controls_on_beagle_bone/main_controls/build/CMakeFiles/CMakeTmp/CheckSymbolExists.c
Linking C executable cmTryCompileExec1479498655
/usr/bin/cmake -E cmake_link_script CMakeFiles/cmTryCompileExec1479498655.dir/link.txt --verbose=1
/usr/bin/gcc         CMakeFiles/cmTryCompileExec1479498655.dir/CheckSymbolExists.c.o  -o cmTryCompileExec1479498655 -rdynamic 
CMakeFiles/cmTryCompileExec1479498655.dir/CheckSymbolExists.c.o: In function `main':
CheckSymbolExists.c:(.text+0x10): undefined reference to `pthread_create'
CheckSymbolExists.c:(.text+0x14): undefined reference to `pthread_create'
collect2: ld returned 1 exit status
make[1]: Leaving directory `/home/debian/controls_on_beagle_bone/main_controls/build/CMakeFiles/CMakeTmp'
make[1]: *** [cmTryCompileExec1479498655] Error 1
make: *** [cmTryCompileExec1479498655/fast] Error 2

File /home/debian/controls_on_beagle_bone/main_controls/build/CMakeFiles/CMakeTmp/CheckSymbolExists.c:
/* */
#include <pthread.h>

int main(int argc, char** argv)
{
  (void)argv;
#ifndef pthread_create
  return ((int*)(&pthread_create))[argc];
#else
  (void)argc;
  return 0;
#endif
}

Determining if the function pthread_create exists in the pthreads failed with the following output:
Change Dir: /home/debian/controls_on_beagle_bone/main_controls/build/CMakeFiles/CMakeTmp

Run Build Command:/usr/bin/make "cmTryCompileExec3422821554/fast"
/usr/bin/make -f CMakeFiles/cmTryCompileExec3422821554.dir/build.make CMakeFiles/cmTryCompileExec3422821554.dir/build
make[1]: Entering directory `/home/debian/controls_on_beagle_bone/main_controls/build/CMakeFiles/CMakeTmp'
/usr/bin/cmake -E cmake_progress_report /home/debian/controls_on_beagle_bone/main_controls/build/CMakeFiles/CMakeTmp/CMakeFiles 1
Building C object CMakeFiles/cmTryCompileExec3422821554.dir/CheckFunctionExists.c.o
/usr/bin/gcc   -DCHECK_FUNCTION_EXISTS=pthread_create   -o CMakeFiles/cmTryCompileExec3422821554.dir/CheckFunctionExists.c.o   -c /usr/share/cmake-2.8/Modules/CheckFunctionExists.c
Linking C executable cmTryCompileExec3422821554
/usr/bin/cmake -E cmake_link_script CMakeFiles/cmTryCompileExec3422821554.dir/link.txt --verbose=1
/usr/bin/gcc     -DCHECK_FUNCTION_EXISTS=pthread_create    CMakeFiles/cmTryCompileExec3422821554.dir/CheckFunctionExists.c.o  -o cmTryCompileExec3422821554 -rdynamic -lpthreads 
/usr/bin/ld: cannot find -lpthreads
collect2: ld returned 1 exit status
make[1]: Leaving directory `/home/debian/controls_on_beagle_bone/main_controls/build/CMakeFiles/CMakeTmp'
make[1]: *** [cmTryCompileExec3422821554] Error 1
make: *** [cmTryCompileExec3422821554/fast] Error 2


